# JRE version: OpenJDK Runtime Environment (8.0_202-b03) (build 1.8.0_202-release-1483-b03)
# Java VM: OpenJDK 64-Bit Server VM (25.202-b03 mixed mode windows-amd64 compressed oops)
Heap:
 PSYoungGen      total 358912K, used 251708K [0x00000000e0000000, 0x00000000ffc80000, 0x0000000100000000)
  eden space 250880K, 57% used [0x00000000e0000000,0x00000000e8c50300,0x00000000ef500000)
  from space 108032K, 99% used [0x00000000f7000000,0x00000000fd97f0b0,0x00000000fd980000)
  to   space 125952K, 0% used [0x00000000ef500000,0x00000000ef500000,0x00000000f7000000)
 ParOldGen       total 183296K, used 71318K [0x00000000a0000000, 0x00000000ab300000, 0x00000000e0000000)
  object space 183296K, 38% used [0x00000000a0000000,0x00000000a45a5a00,0x00000000ab300000)
 Metaspace       used 110284K, capacity 114786K, committed 114904K, reserved 1148928K
  class space    used 13851K, capacity 14741K, committed 14808K, reserved 1048576K
GC Heap History (10 events):
Event: 1415.360 GC heap before
{Heap before GC invocations=29 (full 4):
 PSYoungGen      total 257536K, used 257508K [0x00000000e0000000, 0x00000000f8d00000, 0x0000000100000000)
  eden space 193024K, 100% used [0x00000000e0000000,0x00000000ebc80000,0x00000000ebc80000)
  from space 64512K, 99% used [0x00000000f1480000,0x00000000f5379238,0x00000000f5380000)
  to   space 90112K, 0% used [0x00000000ebc80000,0x00000000ebc80000,0x00000000f1480000)
 ParOldGen       total 184320K, used 135308K [0x00000000a0000000, 0x00000000ab400000, 0x00000000e0000000)
  object space 184320K, 73% used [0x00000000a0000000,0x00000000a84231b0,0x00000000ab400000)
 Metaspace       used 94592K, capacity 97902K, committed 98008K, reserved 1134592K
  class space    used 11801K, capacity 12475K, committed 12504K, reserved 1048576K
Event: 1423.237 GC heap after
Heap after GC invocations=29 (full 4):
 PSYoungGen      total 283136K, used 59781K [0x00000000e0000000, 0x00000000f8f00000, 0x0000000100000000)
  eden space 193024K, 0% used [0x00000000e0000000,0x00000000e0000000,0x00000000ebc80000)
  from space 90112K, 66% used [0x00000000ebc80000,0x00000000ef6e1638,0x00000000f1480000)
  to   space 94208K, 0% used [0x00000000f3300000,0x00000000f3300000,0x00000000f8f00000)
 ParOldGen       total 184320K, used 157977K [0x00000000a0000000, 0x00000000ab400000, 0x00000000e0000000)
  object space 184320K, 85% used [0x00000000a0000000,0x00000000a9a464e0,0x00000000ab400000)
 Metaspace       used 94592K, capacity 97902K, committed 98008K, reserved 1134592K
  class space    used 11801K, capacity 12475K, committed 12504K, reserved 1048576K
}
Event: 1423.253 GC heap before
{Heap before GC invocations=30 (full 5):
 PSYoungGen      total 283136K, used 59781K [0x00000000e0000000, 0x00000000f8f00000, 0x0000000100000000)
  eden space 193024K, 0% used [0x00000000e0000000,0x00000000e0000000,0x00000000ebc80000)
  from space 90112K, 66% used [0x00000000ebc80000,0x00000000ef6e1638,0x00000000f1480000)
  to   space 94208K, 0% used [0x00000000f3300000,0x00000000f3300000,0x00000000f8f00000)
 ParOldGen       total 184320K, used 157977K [0x00000000a0000000, 0x00000000ab400000, 0x00000000e0000000)
  object space 184320K, 85% used [0x00000000a0000000,0x00000000a9a464e0,0x00000000ab400000)
 Metaspace       used 94592K, capacity 97902K, committed 98008K, reserved 1134592K
  class space    used 11801K, capacity 12475K, committed 12504K, reserved 1048576K
Event: 1429.091 GC heap after
Heap after GC invocations=30 (full 5):
 PSYoungGen      total 283136K, used 0K [0x00000000e0000000, 0x00000000f8f00000, 0x0000000100000000)
  eden space 193024K, 0% used [0x00000000e0000000,0x00000000e0000000,0x00000000ebc80000)
  from space 90112K, 0% used [0x00000000ebc80000,0x00000000ebc80000,0x00000000f1480000)
  to   space 94208K, 0% used [0x00000000f3300000,0x00000000f3300000,0x00000000f8f00000)
 ParOldGen       total 183296K, used 65985K [0x00000000a0000000, 0x00000000ab300000, 0x00000000e0000000)
  object space 183296K, 35% used [0x00000000a0000000,0x00000000a4070628,0x00000000ab300000)
 Metaspace       used 94556K, capacity 97832K, committed 98008K, reserved 1134592K
  class space    used 11789K, capacity 12452K, committed 12504K, reserved 1048576K
}
Event: 1438.933 GC heap before
{Heap before GC invocations=31 (full 5):
 PSYoungGen      total 283136K, used 193024K [0x00000000e0000000, 0x00000000f8f00000, 0x0000000100000000)
  eden space 193024K, 100% used [0x00000000e0000000,0x00000000ebc80000,0x00000000ebc80000)
  from space 90112K, 0% used [0x00000000ebc80000,0x00000000ebc80000,0x00000000f1480000)
  to   space 94208K, 0% used [0x00000000f3300000,0x00000000f3300000,0x00000000f8f00000)
 ParOldGen       total 183296K, used 65985K [0x00000000a0000000, 0x00000000ab300000, 0x00000000e0000000)
  object space 183296K, 35% used [0x00000000a0000000,0x00000000a4070628,0x00000000ab300000)
 Metaspace       used 97296K, capacity 100632K, committed 100824K, reserved 1136640K
  class space    used 12056K, capacity 12722K, committed 12760K, reserved 1048576K
Event: 1439.046 GC heap after
Heap after GC invocations=31 (full 5):
 PSYoungGen      total 309248K, used 43973K [0x00000000e0000000, 0x00000000f8a00000, 0x0000000100000000)
  eden space 220160K, 0% used [0x00000000e0000000,0x00000000e0000000,0x00000000ed700000)
  from space 89088K, 49% used [0x00000000f3300000,0x00000000f5df17d0,0x00000000f8a00000)
  to   space 91648K, 0% used [0x00000000ed700000,0x00000000ed700000,0x00000000f3080000)
 ParOldGen       total 183296K, used 65993K [0x00000000a0000000, 0x00000000ab300000, 0x00000000e0000000)
  object space 183296K, 36% used [0x00000000a0000000,0x00000000a4072628,0x00000000ab300000)
 Metaspace       used 97296K, capacity 100632K, committed 100824K, reserved 1136640K
  class space    used 12056K, capacity 12722K, committed 12760K, reserved 1048576K
}
Event: 1443.610 GC heap before
{Heap before GC invocations=32 (full 5):
 PSYoungGen      total 309248K, used 264133K [0x00000000e0000000, 0x00000000f8a00000, 0x0000000100000000)
  eden space 220160K, 100% used [0x00000000e0000000,0x00000000ed700000,0x00000000ed700000)
  from space 89088K, 49% used [0x00000000f3300000,0x00000000f5df17d0,0x00000000f8a00000)
  to   space 91648K, 0% used [0x00000000ed700000,0x00000000ed700000,0x00000000f3080000)
 ParOldGen       total 183296K, used 65993K [0x00000000a0000000, 0x00000000ab300000, 0x00000000e0000000)
  object space 183296K, 36% used [0x00000000a0000000,0x00000000a4072628,0x00000000ab300000)
 Metaspace       used 100632K, capacity 103992K, committed 104408K, reserved 1140736K
  class space    used 12451K, capacity 13138K, committed 13272K, reserved 1048576K
Event: 1444.378 GC heap after
Heap after GC invocations=32 (full 5):
 PSYoungGen      total 311808K, used 91634K [0x00000000e0000000, 0x00000000fd980000, 0x0000000100000000)
  eden space 220160K, 0% used [0x00000000e0000000,0x00000000e0000000,0x00000000ed700000)
  from space 91648K, 99% used [0x00000000ed700000,0x00000000f307cb48,0x00000000f3080000)
  to   space 108032K, 0% used [0x00000000f7000000,0x00000000f7000000,0x00000000fd980000)
 ParOldGen       total 183296K, used 70837K [0x00000000a0000000, 0x00000000ab300000, 0x00000000e0000000)
  object space 183296K, 38% used [0x00000000a0000000,0x00000000a452d558,0x00000000ab300000)
 Metaspace       used 100632K, capacity 103992K, committed 104408K, reserved 1140736K
  class space    used 12451K, capacity 13138K, committed 13272K, reserved 1048576K
}
Event: 1456.902 GC heap before
{Heap before GC invocations=33 (full 5):
 PSYoungGen      total 311808K, used 311794K [0x00000000e0000000, 0x00000000fd980000, 0x0000000100000000)
  eden space 220160K, 100% used [0x00000000e0000000,0x00000000ed700000,0x00000000ed700000)
  from space 91648K, 99% used [0x00000000ed700000,0x00000000f307cb48,0x00000000f3080000)
  to   space 108032K, 0% used [0x00000000f7000000,0x00000000f7000000,0x00000000fd980000)
 ParOldGen       total 183296K, used 70837K [0x00000000a0000000, 0x00000000ab300000, 0x00000000e0000000)
  object space 183296K, 38% used [0x00000000a0000000,0x00000000a452d558,0x00000000ab300000)
 Metaspace       used 104697K, capacity 108420K, committed 108504K, reserved 1144832K
  class space    used 12984K, capacity 13716K, committed 13784K, reserved 1048576K
Event: 1457.556 GC heap after
Heap after GC invocations=33 (full 5):
 PSYoungGen      total 358912K, used 108028K [0x00000000e0000000, 0x00000000ffc80000, 0x0000000100000000)
  eden space 250880K, 0% used [0x00000000e0000000,0x00000000e0000000,0x00000000ef500000)
  from space 108032K, 99% used [0x00000000f7000000,0x00000000fd97f0b0,0x00000000fd980000)
  to   space 125952K, 0% used [0x00000000ef500000,0x00000000ef500000,0x00000000f7000000)
 ParOldGen       total 183296K, used 71318K [0x00000000a0000000, 0x00000000ab300000, 0x00000000e0000000)
  object space 183296K, 38% used [0x00000000a0000000,0x00000000a45a5a00,0x00000000ab300000)
 Metaspace       used 104697K, capacity 108420K, committed 108504K, reserved 1144832K
  class space    used 12984K, capacity 13716K, committed 13784K, reserved 1048576K
}

